size: 126
 1' | 1'
Access: 1
==================================
connections: 2
Edge 0: 75	#	Distance: 650.062
Edge 1: 92	#	Distance: 428.436
----------------------------------

 1'' | 1''
Access: 1
==================================
connections: 2
Edge 0: 63	#	Distance: 629.232
Edge 1: 22	#	Distance: 209.805
----------------------------------

 1''' | 1'''
Access: 1
==================================
connections: 2
Edge 0: 60	#	Distance: 419.011
Edge 1: 2	#	Distance: 554.114
----------------------------------

 1'''' | 1''''
Access: 1
==================================
connections: 2
Edge 0: 46	#	Distance: 874.021
Edge 1: 5	#	Distance: 429.857
----------------------------------

 1''''' | 1'''''
Access: 1
==================================
connections: 2
Edge 0: 1'''''-	#	Distance: 0
Edge 1: 45	#	Distance: 325.281
----------------------------------

 1'''''' | 1''''''
Access: 1
==================================
connections: 2
Edge 0: 97	#	Distance: 381.494
Edge 1: 37	#	Distance: 751.974
----------------------------------

 1''''''' | 1'''''''
Access: 1
==================================
connections: 2
Edge 0: 64	#	Distance: 428.706
Edge 1: 80	#	Distance: 156.218
----------------------------------

 1'''''''' | 1''''''''
Access: 1
==================================
connections: 2
Edge 0: 59	#	Distance: 227.482
Edge 1: 86	#	Distance: 304.138
----------------------------------

 1''''''''' | 1'''''''''
Access: 1
==================================
connections: 2
Edge 0: 79	#	Distance: 565.8
Edge 1: 66	#	Distance: 518.684
----------------------------------

 1'''''''''' | 1''''''''''
Access: 1
==================================
connections: 2
Edge 0: 4	#	Distance: 343.351
Edge 1: 51	#	Distance: 153.379
----------------------------------

 1''''''''''' | 1'''''''''''
Access: 1
==================================
connections: 2
Edge 0: 62	#	Distance: 289.698
Edge 1: 44	#	Distance: 798.569
----------------------------------

 1'''''''''''' | 1''''''''''''
Access: 1
==================================
connections: 2
Edge 0: 68	#	Distance: 441.367
Edge 1: 36	#	Distance: 267.556
----------------------------------

 1''''''''''''' | 1'''''''''''''
Access: 1
==================================
connections: 2
Edge 0: 47	#	Distance: 201.062
Edge 1: 48	#	Distance: 582.683
----------------------------------

 1'''''''''''''' | 1''''''''''''''
Access: 1
==================================
connections: 2
Edge 0: 16	#	Distance: 275.414
Edge 1: 98	#	Distance: 359.473
----------------------------------

 1''''''''''''''' | 1'''''''''''''''
Access: 1
==================================
connections: 2
Edge 0: 11	#	Distance: 463.79
Edge 1: 26	#	Distance: 462.408
----------------------------------

 1'''''''''''''''' | 1''''''''''''''''
Access: 1
==================================
connections: 2
Edge 0: 58	#	Distance: 481.932
Edge 1: 14	#	Distance: 626.343
----------------------------------

 1''''''''''''''''' | 1'''''''''''''''''
Access: 1
==================================
connections: 2
Edge 0: 53	#	Distance: 518.414
Edge 1: 55	#	Distance: 591.396
----------------------------------

 1'''''''''''''''''' | 1''''''''''''''''''
Access: 1
==================================
connections: 2
Edge 0: 43	#	Distance: 525.884
Edge 1: 17	#	Distance: 669.651
----------------------------------

 1''''''''''''''''''' | 1'''''''''''''''''''
Access: 1
==================================
connections: 2
Edge 0: 42	#	Distance: 366.674
Edge 1: 90	#	Distance: 639.426
----------------------------------

 1'''''''''''''''''''' | 1''''''''''''''''''''
Access: 1
==================================
connections: 2
Edge 0: 28	#	Distance: 422.664
Edge 1: 39	#	Distance: 486.148
----------------------------------

 1''''''''''''''''''''' | 1'''''''''''''''''''''
Access: 1
==================================
connections: 2
Edge 0: 38	#	Distance: 649.138
Edge 1: 82	#	Distance: 480.8
----------------------------------

 1'''''''''''''''''''''' | 1''''''''''''''''''''''
Access: 1
==================================
connections: 2
Edge 0: 89	#	Distance: 409.591
Edge 1: 7	#	Distance: 642.129
----------------------------------

 1''''''''''''''''''''''' | 1'''''''''''''''''''''''
Access: 1
==================================
connections: 2
Edge 0: 19	#	Distance: 347.669
Edge 1: 101	#	Distance: 257.334
----------------------------------

 1'''''''''''''''''''''''' | 1''''''''''''''''''''''''
Access: 1
==================================
connections: 2
Edge 0: 12	#	Distance: 289.696
Edge 1: 91	#	Distance: 575.539
----------------------------------

 1''''''''''''''''''''''''' | 1'''''''''''''''''''''''''
Access: 1
==================================
connections: 2
Edge 0: 87	#	Distance: 578.336
Edge 1: 56	#	Distance: 644.845
----------------------------------

 1'''''- | 1'''''-
Access: 1
==================================
connections: 2
Edge 0: 6	#	Distance: 171.231
Edge 1: 1'''''	#	Distance: 0
----------------------------------

 10 | 10
Access: 1
==================================
connections: 2
Edge 0: 52	#	Distance: 1109.44
Edge 1: 53	#	Distance: 1042.84
----------------------------------

 100 | 100
Access: 1
==================================
connections: 2
Edge 0: 86	#	Distance: 540.409
Edge 1: 34	#	Distance: 835.436
----------------------------------

 101 | 101
Access: 1
==================================
connections: 2
Edge 0: 1'''''''''''''''''''''''	#	Distance: 257.334
Edge 1: 13	#	Distance: 335.9
----------------------------------

 11 | 11
Access: 1
==================================
connections: 2
Edge 0: 1'''''''''''''''	#	Distance: 463.79
Edge 1: 29	#	Distance: 75.452
----------------------------------

 12 | 12
Access: 1
==================================
connections: 2
Edge 0: 1''''''''''''''''''''''''	#	Distance: 289.696
Edge 1: 67	#	Distance: 807.53
----------------------------------

 13 | 13
Access: 1
==================================
connections: 2
Edge 0: 101	#	Distance: 335.9
Edge 1: 67	#	Distance: 328.495
----------------------------------

 14 | 14
Access: 1
==================================
connections: 2
Edge 0: 1''''''''''''''''	#	Distance: 626.343
Edge 1: 52	#	Distance: 1016.09
----------------------------------

 15 | 15
Access: 1
==================================
connections: 2
Edge 0: 82	#	Distance: 615.224
Edge 1: 93	#	Distance: 473.844
----------------------------------

 16 | 16
Access: 1
==================================
connections: 2
Edge 0: 1''''''''''''''	#	Distance: 275.414
Edge 1: 96	#	Distance: 381.033
----------------------------------

 17 | 17
Access: 1
==================================
connections: 2
Edge 0: 1''''''''''''''''''	#	Distance: 669.651
Edge 1: 69	#	Distance: 130.736
----------------------------------

 18 | 18
Access: 1
==================================
connections: 2
Edge 0: 37	#	Distance: 531.305
Edge 1: 9	#	Distance: 56.0803
----------------------------------

 19 | 19
Access: 1
==================================
connections: 2
Edge 0: 1'''''''''''''''''''''''	#	Distance: 347.669
Edge 1: 65	#	Distance: 256.07
----------------------------------

 2 | 2
Access: 1
==================================
connections: 2
Edge 0: 1'''	#	Distance: 554.114
Edge 1: 73	#	Distance: 613.802
----------------------------------

 20 | 20
Access: 1
==================================
connections: 2
Edge 0: 61	#	Distance: 480.463
Edge 1: 92	#	Distance: 166.208
----------------------------------

 21 | 21
Access: 1
==================================
connections: 2
Edge 0: 77	#	Distance: 498.679
Edge 1: 28	#	Distance: 781.221
----------------------------------

 22 | 22
Access: 1
==================================
connections: 2
Edge 0: 1''	#	Distance: 209.805
Edge 1: 60	#	Distance: 330.394
----------------------------------

 23 | 23
Access: 1
==================================
connections: 2
Edge 0: 80	#	Distance: 493.123
Edge 1: 35	#	Distance: 475.849
----------------------------------

 24 | 24
Access: 1
==================================
connections: 2
Edge 0: 70	#	Distance: 802.327
Edge 1: 63	#	Distance: 415.592
----------------------------------

 25 | 25
Access: 1
==================================
connections: 2
Edge 0: 45	#	Distance: 463.923
Edge 1: 94	#	Distance: 295.747
----------------------------------

 26 | 26
Access: 1
==================================
connections: 2
Edge 0: 1'''''''''''''''	#	Distance: 462.408
Edge 1: 89	#	Distance: 141.322
----------------------------------

 27 | 27
Access: 1
==================================
connections: 2
Edge 0: 98	#	Distance: 347.174
Edge 1: 29	#	Distance: 281.277
----------------------------------

 28 | 28
Access: 1
==================================
connections: 2
Edge 0: 1''''''''''''''''''''	#	Distance: 422.664
Edge 1: 21	#	Distance: 781.221
----------------------------------

 29 | 29
Access: 1
==================================
connections: 2
Edge 0: 11	#	Distance: 75.452
Edge 1: 27	#	Distance: 281.277
----------------------------------

 3 | 3
Access: 1
==================================
connections: 2
Edge 0: 44	#	Distance: 251.925
Edge 1: 30	#	Distance: 211.227
----------------------------------

 30 | 30
Access: 1
==================================
connections: 2
Edge 0: 3	#	Distance: 211.227
Edge 1: 68	#	Distance: 313.747
----------------------------------

 31 | 31
Access: 1
==================================
connections: 2
Edge 0: 32	#	Distance: 323.447
Edge 1: 43	#	Distance: 737.854
----------------------------------

 32 | 32
Access: 1
==================================
connections: 2
Edge 0: 31	#	Distance: 323.447
Edge 1: 55	#	Distance: 690.821
----------------------------------

 33 | 33
Access: 1
==================================
connections: 2
Edge 0: 51	#	Distance: 238.799
Edge 1: 81	#	Distance: 380.396
----------------------------------

 34 | 34
Access: 1
==================================
connections: 2
Edge 0: 100	#	Distance: 835.436
Edge 1: 79	#	Distance: 902.327
----------------------------------

 35 | 35
Access: 1
==================================
connections: 2
Edge 0: 23	#	Distance: 475.849
Edge 1: 59	#	Distance: 122.613
----------------------------------

 36 | 36
Access: 1
==================================
connections: 2
Edge 0: 1''''''''''''	#	Distance: 267.556
Edge 1: 95	#	Distance: 555.042
----------------------------------

 37 | 37
Access: 1
==================================
connections: 2
Edge 0: 18	#	Distance: 531.305
Edge 1: 1''''''	#	Distance: 751.974
----------------------------------

 38 | 38
Access: 1
==================================
connections: 2
Edge 0: 1'''''''''''''''''''''	#	Distance: 649.138
Edge 1: 40	#	Distance: 245.687
----------------------------------

 39 | 39
Access: 1
==================================
connections: 2
Edge 0: 1''''''''''''''''''''	#	Distance: 486.148
Edge 1: 54	#	Distance: 781.486
----------------------------------

 4 | 4
Access: 1
==================================
connections: 2
Edge 0: 1''''''''''	#	Distance: 343.351
Edge 1: 99	#	Distance: 491.547
----------------------------------

 40 | 40
Access: 1
==================================
connections: 2
Edge 0: 38	#	Distance: 245.687
Edge 1: 54	#	Distance: 768.99
----------------------------------

 41 | 41
Access: 1
==================================
connections: 2
Edge 0: 73	#	Distance: 142.843
Edge 1: 46	#	Distance: 542.233
----------------------------------

 42 | 42
Access: 1
==================================
connections: 2
Edge 0: 1'''''''''''''''''''	#	Distance: 366.674
Edge 1: 78	#	Distance: 571.853
----------------------------------

 43 | 43
Access: 1
==================================
connections: 2
Edge 0: 1''''''''''''''''''	#	Distance: 525.884
Edge 1: 31	#	Distance: 737.854
----------------------------------

 44 | 44
Access: 1
==================================
connections: 2
Edge 0: 3	#	Distance: 251.925
Edge 1: 1'''''''''''	#	Distance: 798.569
----------------------------------

 45 | 45
Access: 1
==================================
connections: 2
Edge 0: 25	#	Distance: 463.923
Edge 1: 1'''''	#	Distance: 325.281
----------------------------------

 46 | 46
Access: 1
==================================
connections: 2
Edge 0: 1''''	#	Distance: 874.021
Edge 1: 41	#	Distance: 542.233
----------------------------------

 47 | 47
Access: 1
==================================
connections: 2
Edge 0: 1'''''''''''''	#	Distance: 201.062
Edge 1: 8	#	Distance: 725.416
----------------------------------

 48 | 48
Access: 1
==================================
connections: 2
Edge 0: 1'''''''''''''	#	Distance: 582.683
Edge 1: 76	#	Distance: 749.569
----------------------------------

 49 | 49
Access: 1
==================================
connections: 2
Edge 0: 7	#	Distance: 266.086
Edge 1: 65	#	Distance: 244.806
----------------------------------

 5 | 5
Access: 1
==================================
connections: 2
Edge 0: 1''''	#	Distance: 429.857
Edge 1: 83	#	Distance: 280.845
----------------------------------

 50 | 50
Access: 1
==================================
connections: 2
Edge 0: 93	#	Distance: 529.004
Edge 1: 8	#	Distance: 154.081
----------------------------------

 51 | 51
Access: 1
==================================
connections: 2
Edge 0: 33	#	Distance: 238.799
Edge 1: 1''''''''''	#	Distance: 153.379
----------------------------------

 52 | 52
Access: 1
==================================
connections: 2
Edge 0: 10	#	Distance: 1109.44
Edge 1: 14	#	Distance: 1016.09
----------------------------------

 53 | 53
Access: 1
==================================
connections: 2
Edge 0: 1'''''''''''''''''	#	Distance: 518.414
Edge 1: 10	#	Distance: 1042.84
----------------------------------

 54 | 54
Access: 1
==================================
connections: 2
Edge 0: 40	#	Distance: 768.99
Edge 1: 39	#	Distance: 781.486
----------------------------------

 55 | 55
Access: 1
==================================
connections: 2
Edge 0: 32	#	Distance: 690.821
Edge 1: 1'''''''''''''''''	#	Distance: 591.396
----------------------------------

 56 | 56
Access: 1
==================================
connections: 2
Edge 0: 1'''''''''''''''''''''''''	#	Distance: 644.845
Edge 1: 71	#	Distance: 259.239
----------------------------------

 57 | 57
Access: 1
==================================
connections: 2
Edge 0: 95	#	Distance: 25.1794
Edge 1: 58	#	Distance: 244.806
----------------------------------

 58 | 58
Access: 1
==================================
connections: 2
Edge 0: 1''''''''''''''''	#	Distance: 481.932
Edge 1: 57	#	Distance: 244.806
----------------------------------

 59 | 59
Access: 1
==================================
connections: 2
Edge 0: 1''''''''	#	Distance: 227.482
Edge 1: 35	#	Distance: 122.613
----------------------------------

 6 | 6
Access: 1
==================================
connections: 2
Edge 0: 1'''''-	#	Distance: 171.231
Edge 1: 74	#	Distance: 465.34
----------------------------------

 60 | 60
Access: 1
==================================
connections: 2
Edge 0: 1'''	#	Distance: 419.011
Edge 1: 22	#	Distance: 330.394
----------------------------------

 61 | 61
Access: 1
==================================
connections: 2
Edge 0: 20	#	Distance: 480.463
Edge 1: 84	#	Distance: 555.006
----------------------------------

 62 | 62
Access: 1
==================================
connections: 2
Edge 0: 1'''''''''''	#	Distance: 289.698
Edge 1: 81	#	Distance: 215.244
----------------------------------

 63 | 63
Access: 1
==================================
connections: 2
Edge 0: 1''	#	Distance: 629.232
Edge 1: 24	#	Distance: 415.592
----------------------------------

 64 | 64
Access: 1
==================================
connections: 2
Edge 0: 1'''''''	#	Distance: 428.706
Edge 1: 9	#	Distance: 274.729
----------------------------------

 65 | 65
Access: 1
==================================
connections: 2
Edge 0: 19	#	Distance: 256.07
Edge 1: 49	#	Distance: 244.806
----------------------------------

 66 | 66
Access: 1
==================================
connections: 2
Edge 0: 1'''''''''	#	Distance: 518.684
Edge 1: 72	#	Distance: 763.086
----------------------------------

 67 | 67
Access: 1
==================================
connections: 2
Edge 0: 12	#	Distance: 807.53
Edge 1: 13	#	Distance: 328.495
----------------------------------

 68 | 68
Access: 1
==================================
connections: 2
Edge 0: 1''''''''''''	#	Distance: 441.367
Edge 1: 30	#	Distance: 313.747
----------------------------------

 69 | 69
Access: 1
==================================
connections: 2
Edge 0: 17	#	Distance: 130.736
Edge 1: 78	#	Distance: 486.026
----------------------------------

 7 | 7
Access: 1
==================================
connections: 2
Edge 0: 49	#	Distance: 266.086
Edge 1: 1''''''''''''''''''''''	#	Distance: 642.129
----------------------------------

 70 | 70
Access: 1
==================================
connections: 2
Edge 0: 24	#	Distance: 802.327
Edge 1: 75	#	Distance: 14.1421
----------------------------------

 71 | 71
Access: 1
==================================
connections: 2
Edge 0: 56	#	Distance: 259.239
Edge 1: 84	#	Distance: 1171.73
----------------------------------

 72 | 72
Access: 1
==================================
connections: 2
Edge 0: 66	#	Distance: 763.086
Edge 1: 99	#	Distance: 143.402
----------------------------------

 73 | 73
Access: 1
==================================
connections: 2
Edge 0: 41	#	Distance: 142.843
Edge 1: 2	#	Distance: 613.802
----------------------------------

 74 | 74
Access: 1
==================================
connections: 2
Edge 0: 6	#	Distance: 465.34
Edge 1: 83	#	Distance: 886.012
----------------------------------

 75 | 75
Access: 1
==================================
connections: 2
Edge 0: 70	#	Distance: 14.1421
Edge 1: 1'	#	Distance: 650.062
----------------------------------

 76 | 76
Access: 1
==================================
connections: 2
Edge 0: 48	#	Distance: 749.569
Edge 1: 96	#	Distance: 198.338
----------------------------------

 77 | 77
Access: 1
==================================
connections: 2
Edge 0: 21	#	Distance: 498.679
Edge 1: 90	#	Distance: 976.139
----------------------------------

 78 | 78
Access: 1
==================================
connections: 2
Edge 0: 42	#	Distance: 571.853
Edge 1: 69	#	Distance: 486.026
----------------------------------

 79 | 79
Access: 1
==================================
connections: 2
Edge 0: 1'''''''''	#	Distance: 565.8
Edge 1: 34	#	Distance: 902.327
----------------------------------

 8 | 8
Access: 1
==================================
connections: 2
Edge 0: 47	#	Distance: 725.416
Edge 1: 50	#	Distance: 154.081
----------------------------------

 80 | 80
Access: 1
==================================
connections: 2
Edge 0: 23	#	Distance: 493.123
Edge 1: 1'''''''	#	Distance: 156.218
----------------------------------

 81 | 81
Access: 1
==================================
connections: 2
Edge 0: 62	#	Distance: 215.244
Edge 1: 33	#	Distance: 380.396
----------------------------------

 82 | 82
Access: 1
==================================
connections: 2
Edge 0: 15	#	Distance: 615.224
Edge 1: 1'''''''''''''''''''''	#	Distance: 480.8
----------------------------------

 83 | 83
Access: 1
==================================
connections: 2
Edge 0: 74	#	Distance: 886.012
Edge 1: 5	#	Distance: 280.845
----------------------------------

 84 | 84
Access: 1
==================================
connections: 2
Edge 0: 61	#	Distance: 555.006
Edge 1: 71	#	Distance: 1171.73
----------------------------------

 85 | 85
Access: 1
==================================
connections: 2
Edge 0: 88	#	Distance: 570.243
Edge 1: 87	#	Distance: 103.175
----------------------------------

 86 | 86
Access: 1
==================================
connections: 2
Edge 0: 100	#	Distance: 540.409
Edge 1: 1''''''''	#	Distance: 304.138
----------------------------------

 87 | 87
Access: 1
==================================
connections: 2
Edge 0: 1'''''''''''''''''''''''''	#	Distance: 578.336
Edge 1: 85	#	Distance: 103.175
----------------------------------

 88 | 88
Access: 1
==================================
connections: 2
Edge 0: 85	#	Distance: 570.243
Edge 1: 91	#	Distance: 568.877
----------------------------------

 89 | 89
Access: 1
==================================
connections: 2
Edge 0: 1''''''''''''''''''''''	#	Distance: 409.591
Edge 1: 26	#	Distance: 141.322
----------------------------------

 9 | 9
Access: 1
==================================
connections: 2
Edge 0: 64	#	Distance: 274.729
Edge 1: 18	#	Distance: 56.0803
----------------------------------

 90 | 90
Access: 1
==================================
connections: 2
Edge 0: 77	#	Distance: 976.139
Edge 1: 1'''''''''''''''''''	#	Distance: 639.426
----------------------------------

 91 | 91
Access: 1
==================================
connections: 2
Edge 0: 88	#	Distance: 568.877
Edge 1: 1''''''''''''''''''''''''	#	Distance: 575.539
----------------------------------

 92 | 92
Access: 1
==================================
connections: 2
Edge 0: 20	#	Distance: 166.208
Edge 1: 1'	#	Distance: 428.436
----------------------------------

 93 | 93
Access: 1
==================================
connections: 2
Edge 0: 50	#	Distance: 529.004
Edge 1: 15	#	Distance: 473.844
----------------------------------

 94 | 94
Access: 1
==================================
connections: 2
Edge 0: 25	#	Distance: 295.747
Edge 1: 97	#	Distance: 709.214
----------------------------------

 95 | 95
Access: 1
==================================
connections: 2
Edge 0: 57	#	Distance: 25.1794
Edge 1: 36	#	Distance: 555.042
----------------------------------

 96 | 96
Access: 1
==================================
connections: 2
Edge 0: 16	#	Distance: 381.033
Edge 1: 76	#	Distance: 198.338
----------------------------------

 97 | 97
Access: 1
==================================
connections: 2
Edge 0: 1''''''	#	Distance: 381.494
Edge 1: 94	#	Distance: 709.214
----------------------------------

 98 | 98
Access: 1
==================================
connections: 2
Edge 0: 27	#	Distance: 347.174
Edge 1: 1''''''''''''''	#	Distance: 359.473
----------------------------------

 99 | 99
Access: 1
==================================
connections: 2
Edge 0: 4	#	Distance: 491.547
Edge 1: 72	#	Distance: 143.402
----------------------------------

______________________________________________________________THE DIVISION______________________________________________________________
1'
75
70
24
63
1''
22
60
1'''
2
73
41
46
1''''
5
83
74
6
1'''''-
1'''''
45
25
94
97
1''''''
37
18
9
64
1'''''''
80
23
35
59
1''''''''
86
100
34
79
1'''''''''
66
72
99
4
1''''''''''
51
33
81
62
1'''''''''''
44
3
30
68
1''''''''''''
36
95
57
58
1''''''''''''''''
14
52
10
53
1'''''''''''''''''
55
32
31
43
1''''''''''''''''''
17
69
78
42
1'''''''''''''''''''
90
77
21
28
1''''''''''''''''''''
39
54
40
38
1'''''''''''''''''''''
82
15
93
50
8
47
1'''''''''''''
48
76
96
16
1''''''''''''''
98
27
29
11
1'''''''''''''''
26
89
1''''''''''''''''''''''
7
49
65
19
1'''''''''''''''''''''''
101
13
67
12
1''''''''''''''''''''''''
91
88
85
87
1'''''''''''''''''''''''''
56
71
84
61
20
92
size 126
map size 126
