size: 68
 1' | 1'
Access: 1
==================================
connections: 2
Edge 0: 51	#	Distance: 26.1725
Edge 1: 5	#	Distance: 17.2047
----------------------------------

 1'' | 1''
Access: 1
==================================
connections: 2
Edge 0: 35	#	Distance: 31.7805
Edge 1: 1''-	#	Distance: 0
----------------------------------

 1''' | 1'''
Access: 1
==================================
connections: 2
Edge 0: 11	#	Distance: 28.3196
Edge 1: 1'''-	#	Distance: 0
----------------------------------

 1'''' | 1''''
Access: 1
==================================
connections: 2
Edge 0: 43	#	Distance: 31.3209
Edge 1: 1''''-	#	Distance: 0
----------------------------------

 1''''' | 1'''''
Access: 1
==================================
connections: 2
Edge 0: 10	#	Distance: 23.0868
Edge 1: 1'''''-	#	Distance: 0
----------------------------------

 1'''''' | 1''''''
Access: 1
==================================
connections: 2
Edge 0: 7	#	Distance: 11.4018
Edge 1: 44	#	Distance: 34.6554
----------------------------------

 1''''''' | 1'''''''
Access: 1
==================================
connections: 2
Edge 0: 20	#	Distance: 31.9061
Edge 1: 1'''''''-	#	Distance: 0
----------------------------------

 1'''''''' | 1''''''''
Access: 1
==================================
connections: 2
Edge 0: 3	#	Distance: 21.0238
Edge 1: 1''''''''-	#	Distance: 0
----------------------------------

 1''''''''' | 1'''''''''
Access: 1
==================================
connections: 2
Edge 0: 14	#	Distance: 29.1548
Edge 1: 1'''''''''-	#	Distance: 0
----------------------------------

 1'''''''''' | 1''''''''''
Access: 1
==================================
connections: 2
Edge 0: 37	#	Distance: 43.9318
Edge 1: 1''''''''''-	#	Distance: 0
----------------------------------

 1''''''''''- | 1''''''''''-
Access: 1
==================================
connections: 2
Edge 0: 23	#	Distance: 20.8087
Edge 1: 1''''''''''	#	Distance: 0
----------------------------------

 1'''''''''- | 1'''''''''-
Access: 1
==================================
connections: 2
Edge 0: 45	#	Distance: 25
Edge 1: 1'''''''''	#	Distance: 0
----------------------------------

 1''''''''- | 1''''''''-
Access: 1
==================================
connections: 2
Edge 0: 31	#	Distance: 30.8707
Edge 1: 1''''''''	#	Distance: 0
----------------------------------

 1'''''''- | 1'''''''-
Access: 1
==================================
connections: 2
Edge 0: 19	#	Distance: 14.7648
Edge 1: 1'''''''	#	Distance: 0
----------------------------------

 1'''''- | 1'''''-
Access: 1
==================================
connections: 2
Edge 0: 26	#	Distance: 23.0868
Edge 1: 1'''''	#	Distance: 0
----------------------------------

 1''''- | 1''''-
Access: 1
==================================
connections: 2
Edge 0: 13	#	Distance: 8.06226
Edge 1: 1''''	#	Distance: 0
----------------------------------

 1'''- | 1'''-
Access: 1
==================================
connections: 2
Edge 0: 17	#	Distance: 22.0227
Edge 1: 1'''	#	Distance: 0
----------------------------------

 1''- | 1''-
Access: 1
==================================
connections: 2
Edge 0: 39	#	Distance: 15.8114
Edge 1: 1''	#	Distance: 0
----------------------------------

 10 | 10
Access: 1
==================================
connections: 2
Edge 0: 1'''''	#	Distance: 23.0868
Edge 1: 33	#	Distance: 19.105
----------------------------------

 11 | 11
Access: 1
==================================
connections: 2
Edge 0: 1'''	#	Distance: 28.3196
Edge 1: 2	#	Distance: 34.0147
----------------------------------

 12 | 12
Access: 1
==================================
connections: 2
Edge 0: 4	#	Distance: 25.0799
Edge 1: 34	#	Distance: 31.257
----------------------------------

 13 | 13
Access: 1
==================================
connections: 2
Edge 0: 2	#	Distance: 20.8806
Edge 1: 1''''-	#	Distance: 8.06226
----------------------------------

 14 | 14
Access: 1
==================================
connections: 2
Edge 0: 1'''''''''	#	Distance: 29.1548
Edge 1: 47	#	Distance: 30.4138
----------------------------------

 15 | 15
Access: 1
==================================
connections: 2
Edge 0: 29	#	Distance: 39.8246
Edge 1: 45	#	Distance: 32.45
----------------------------------

 16 | 16
Access: 1
==================================
connections: 2
Edge 0: 35	#	Distance: 30.2324
Edge 1: 46	#	Distance: 6.7082
----------------------------------

 17 | 17
Access: 1
==================================
connections: 2
Edge 0: 22	#	Distance: 10.0499
Edge 1: 1'''-	#	Distance: 22.0227
----------------------------------

 18 | 18
Access: 1
==================================
connections: 2
Edge 0: 20	#	Distance: 17.2047
Edge 1: 38	#	Distance: 5.09902
----------------------------------

 19 | 19
Access: 1
==================================
connections: 2
Edge 0: 42	#	Distance: 17.4642
Edge 1: 1'''''''-	#	Distance: 14.7648
----------------------------------

 2 | 2
Access: 1
==================================
connections: 2
Edge 0: 11	#	Distance: 34.0147
Edge 1: 13	#	Distance: 20.8806
----------------------------------

 20 | 20
Access: 1
==================================
connections: 2
Edge 0: 1'''''''	#	Distance: 31.9061
Edge 1: 18	#	Distance: 17.2047
----------------------------------

 21 | 21
Access: 1
==================================
connections: 2
Edge 0: 3	#	Distance: 12.0416
Edge 1: 28	#	Distance: 28.7924
----------------------------------

 22 | 22
Access: 1
==================================
connections: 2
Edge 0: 46	#	Distance: 39.4081
Edge 1: 17	#	Distance: 10.0499
----------------------------------

 23 | 23
Access: 1
==================================
connections: 2
Edge 0: 41	#	Distance: 63.0079
Edge 1: 1''''''''''-	#	Distance: 20.8087
----------------------------------

 24 | 24
Access: 1
==================================
connections: 2
Edge 0: 33	#	Distance: 24.5967
Edge 1: 8	#	Distance: 6.08276
----------------------------------

 25 | 25
Access: 1
==================================
connections: 2
Edge 0: 27	#	Distance: 24.8395
Edge 1: 30	#	Distance: 50.1597
----------------------------------

 26 | 26
Access: 1
==================================
connections: 2
Edge 0: 50	#	Distance: 42.2019
Edge 1: 1'''''-	#	Distance: 23.0868
----------------------------------

 27 | 27
Access: 1
==================================
connections: 2
Edge 0: 44	#	Distance: 22.3607
Edge 1: 25	#	Distance: 24.8395
----------------------------------

 28 | 28
Access: 1
==================================
connections: 2
Edge 0: 21	#	Distance: 28.7924
Edge 1: 36	#	Distance: 35.3412
----------------------------------

 29 | 29
Access: 1
==================================
connections: 2
Edge 0: 36	#	Distance: 19.4165
Edge 1: 15	#	Distance: 39.8246
----------------------------------

 3 | 3
Access: 1
==================================
connections: 2
Edge 0: 1''''''''	#	Distance: 21.0238
Edge 1: 21	#	Distance: 12.0416
----------------------------------

 30 | 30
Access: 1
==================================
connections: 2
Edge 0: 25	#	Distance: 50.1597
Edge 1: 42	#	Distance: 57.1402
----------------------------------

 31 | 31
Access: 1
==================================
connections: 2
Edge 0: 9	#	Distance: 44.2041
Edge 1: 1''''''''-	#	Distance: 30.8707
----------------------------------

 32 | 32
Access: 1
==================================
connections: 2
Edge 0: 43	#	Distance: 61.131
Edge 1: 6	#	Distance: 39.1152
----------------------------------

 33 | 33
Access: 1
==================================
connections: 2
Edge 0: 10	#	Distance: 19.105
Edge 1: 24	#	Distance: 24.5967
----------------------------------

 34 | 34
Access: 1
==================================
connections: 2
Edge 0: 12	#	Distance: 31.257
Edge 1: 49	#	Distance: 49.6588
----------------------------------

 35 | 35
Access: 1
==================================
connections: 2
Edge 0: 1''	#	Distance: 31.7805
Edge 1: 16	#	Distance: 30.2324
----------------------------------

 36 | 36
Access: 1
==================================
connections: 2
Edge 0: 28	#	Distance: 35.3412
Edge 1: 29	#	Distance: 19.4165
----------------------------------

 37 | 37
Access: 1
==================================
connections: 2
Edge 0: 1''''''''''	#	Distance: 43.9318
Edge 1: 4	#	Distance: 12.083
----------------------------------

 38 | 38
Access: 1
==================================
connections: 2
Edge 0: 18	#	Distance: 5.09902
Edge 1: 9	#	Distance: 40.0125
----------------------------------

 39 | 39
Access: 1
==================================
connections: 2
Edge 0: 40	#	Distance: 24.4131
Edge 1: 1''-	#	Distance: 15.8114
----------------------------------

 4 | 4
Access: 1
==================================
connections: 2
Edge 0: 37	#	Distance: 12.083
Edge 1: 12	#	Distance: 25.0799
----------------------------------

 40 | 40
Access: 1
==================================
connections: 2
Edge 0: 51	#	Distance: 22.2036
Edge 1: 39	#	Distance: 24.4131
----------------------------------

 41 | 41
Access: 1
==================================
connections: 2
Edge 0: 48	#	Distance: 32.8024
Edge 1: 23	#	Distance: 63.0079
----------------------------------

 42 | 42
Access: 1
==================================
connections: 2
Edge 0: 30	#	Distance: 57.1402
Edge 1: 19	#	Distance: 17.4642
----------------------------------

 43 | 43
Access: 1
==================================
connections: 2
Edge 0: 1''''	#	Distance: 31.3209
Edge 1: 32	#	Distance: 61.131
----------------------------------

 44 | 44
Access: 1
==================================
connections: 2
Edge 0: 1''''''	#	Distance: 34.6554
Edge 1: 27	#	Distance: 22.3607
----------------------------------

 45 | 45
Access: 1
==================================
connections: 2
Edge 0: 15	#	Distance: 32.45
Edge 1: 1'''''''''-	#	Distance: 25
----------------------------------

 46 | 46
Access: 1
==================================
connections: 2
Edge 0: 16	#	Distance: 6.7082
Edge 1: 22	#	Distance: 39.4081
----------------------------------

 47 | 47
Access: 1
==================================
connections: 2
Edge 0: 14	#	Distance: 30.4138
Edge 1: 48	#	Distance: 9.89949
----------------------------------

 48 | 48
Access: 1
==================================
connections: 2
Edge 0: 47	#	Distance: 9.89949
Edge 1: 41	#	Distance: 32.8024
----------------------------------

 49 | 49
Access: 1
==================================
connections: 2
Edge 0: 34	#	Distance: 49.6588
Edge 1: 5	#	Distance: 29.4279
----------------------------------

 5 | 5
Access: 1
==================================
connections: 2
Edge 0: 49	#	Distance: 29.4279
Edge 1: 1'	#	Distance: 17.2047
----------------------------------

 50 | 50
Access: 1
==================================
connections: 2
Edge 0: 6	#	Distance: 8.24621
Edge 1: 26	#	Distance: 42.2019
----------------------------------

 51 | 51
Access: 1
==================================
connections: 2
Edge 0: 1'	#	Distance: 26.1725
Edge 1: 40	#	Distance: 22.2036
----------------------------------

 6 | 6
Access: 1
==================================
connections: 2
Edge 0: 32	#	Distance: 39.1152
Edge 1: 50	#	Distance: 8.24621
----------------------------------

 7 | 7
Access: 1
==================================
connections: 2
Edge 0: 8	#	Distance: 16.4924
Edge 1: 1''''''	#	Distance: 11.4018
----------------------------------

 8 | 8
Access: 1
==================================
connections: 2
Edge 0: 24	#	Distance: 6.08276
Edge 1: 7	#	Distance: 16.4924
----------------------------------

 9 | 9
Access: 1
==================================
connections: 2
Edge 0: 38	#	Distance: 40.0125
Edge 1: 31	#	Distance: 44.2041
----------------------------------

______________________________________________________________THE DIVISION______________________________________________________________
1'
51
40
39
1''-
1''
35
16
46
22
17
1'''-
1'''
11
2
13
1''''-
1''''
43
32
6
50
26
1'''''-
1'''''
10
33
24
8
7
1''''''
44
27
25
30
42
19
1'''''''-
1'''''''
20
18
38
9
31
1''''''''-
1''''''''
3
21
28
36
29
15
45
1'''''''''-
1'''''''''
14
47
48
41
23
1''''''''''-
1''''''''''
37
4
12
34
49
5
size 68
map size 68
