Run ID: 0
Vehicle Routing Problem: A-n32-k5.vrp
Configurations of run: 
	Population Size: 15
	Truck Number: 5
	Max Iterations: 100

Best Known solution: Implementar

Generation: 0
	BestSolution: 1237
	Valid solution.
	SubTours used: 5

Generation: 1
	BestSolution: 1280
	Valid solution.
	SubTours used: 5

Generation: 2
	BestSolution: 1258
	Valid solution.
	SubTours used: 5

Generation: 3
	BestSolution: 1217
	Valid solution.
	SubTours used: 5

Generation: 4
	BestSolution: 1216
	Valid solution.
	SubTours used: 5

Generation: 5
	BestSolution: 1185
	Valid solution.
	SubTours used: 5

Generation: 6
	BestSolution: 1174
	Valid solution.
	SubTours used: 5

Generation: 7
	BestSolution: 1139
	Valid solution.
	SubTours used: 5

Generation: 8
	BestSolution: 1080
	Valid solution.
	SubTours used: 5

Generation: 9
	BestSolution: 1079
	Valid solution.
	SubTours used: 5

Generation: 10
	BestSolution: 1073
	Valid solution.
	SubTours used: 5

Generation: 11
	BestSolution: 1067
	Valid solution.
	SubTours used: 5

Generation: 12
	BestSolution: 1065
	Valid solution.
	SubTours used: 5

Generation: 13
	BestSolution: 1051
	Valid solution.
	SubTours used: 5

Generation: 14
	BestSolution: 1047
	Valid solution.
	SubTours used: 5

Generation: 15
	BestSolution: 1041
	Valid solution.
	SubTours used: 5

Generation: 16
	BestSolution: 1040
	Valid solution.
	SubTours used: 5

Generation: 17
	BestSolution: 1035
	Valid solution.
	SubTours used: 5

Generation: 18
	BestSolution: 1031
	Valid solution.
	SubTours used: 5

Generation: 19
	BestSolution: 1025
	Valid solution.
	SubTours used: 5

Generation: 20
	BestSolution: 1019
	Valid solution.
	SubTours used: 5

Generation: 21
	BestSolution: 1007
	Valid solution.
	SubTours used: 5

Generation: 22
	BestSolution: 1006
	Valid solution.
	SubTours used: 5

Generation: 23
	BestSolution: 1005
	Valid solution.
	SubTours used: 5

Generation: 24
	BestSolution: 986
	Valid solution.
	SubTours used: 5

Generation: 25
	BestSolution: 971
	Valid solution.
	SubTours used: 5

Generation: 26
	BestSolution: 969
	Valid solution.
	SubTours used: 5

Generation: 27
	BestSolution: 963
	Valid solution.
	SubTours used: 5

Generation: 28
	BestSolution: 955
	Valid solution.
	SubTours used: 5

Generation: 29
	BestSolution: 954
	Valid solution.
	SubTours used: 5

Generation: 30
	BestSolution: 949
	Valid solution.
	SubTours used: 5

Generation: 31
	BestSolution: 931
	Valid solution.
	SubTours used: 5

Generation: 32
	BestSolution: 911
	Valid solution.
	SubTours used: 5

Generation: 33
	BestSolution: 884
	Valid solution.
	SubTours used: 5

Generation: 34
	BestSolution: 870
	Valid solution.
	SubTours used: 5

Generation: 35
	BestSolution: 848
	Valid solution.
	SubTours used: 5

Generation: 36
	BestSolution: 846
	Valid solution.
	SubTours used: 5

Generation: 37
	BestSolution: 833
	Valid solution.
	SubTours used: 5

Generation: 38
	BestSolution: 827
	Valid solution.
	SubTours used: 5

Generation: 39
	BestSolution: 815
	Valid solution.
	SubTours used: 5

Generation: 40
	BestSolution: 814
	Valid solution.
	SubTours used: 5

Generation: 41
	BestSolution: 811
	Valid solution.
	SubTours used: 5

Generation: 42
	BestSolution: 810
	Valid solution.
	SubTours used: 5

Generation: 43
	BestSolution: 805
	Valid solution.
	SubTours used: 5

Generation: 44
	BestSolution: 799
	Valid solution.
	SubTours used: 5

Generation: 45
	BestSolution: 796
	Valid solution.
	SubTours used: 5

Generation: 46
	BestSolution: 796
	Valid solution.
	SubTours used: 5

Generation: 47
	BestSolution: 796
	Valid solution.
	SubTours used: 5

Generation: 48
	BestSolution: 796
	Valid solution.
	SubTours used: 5

Generation: 49
	BestSolution: 796
	Valid solution.
	SubTours used: 5

Generation: 50
	BestSolution: 796
	Valid solution.
	SubTours used: 5

Generation: 51
	BestSolution: 796
	Valid solution.
	SubTours used: 5

Generation: 52
	BestSolution: 796
	Valid solution.
	SubTours used: 5

Generation: 53
	BestSolution: 796
	Valid solution.
	SubTours used: 5

Generation: 54
	BestSolution: 796
	Valid solution.
	SubTours used: 5

Generation: 55
	BestSolution: 796
	Valid solution.
	SubTours used: 5

Generation: 56
	BestSolution: 796
	Valid solution.
	SubTours used: 5

Generation: 57
	BestSolution: 796
	Valid solution.
	SubTours used: 5

Generation: 58
	BestSolution: 796
	Valid solution.
	SubTours used: 5

Generation: 59
	BestSolution: 796
	Valid solution.
	SubTours used: 5

Generation: 60
	BestSolution: 796
	Valid solution.
	SubTours used: 5

Generation: 61
	BestSolution: 796
	Valid solution.
	SubTours used: 5

Generation: 62
	BestSolution: 796
	Valid solution.
	SubTours used: 5

Generation: 63
	BestSolution: 796
	Valid solution.
	SubTours used: 5

Generation: 64
	BestSolution: 796
	Valid solution.
	SubTours used: 5

Generation: 65
	BestSolution: 796
	Valid solution.
	SubTours used: 5

Generation: 66
	BestSolution: 796
	Valid solution.
	SubTours used: 5

Generation: 67
	BestSolution: 796
	Valid solution.
	SubTours used: 5

Generation: 68
	BestSolution: 796
	Valid solution.
	SubTours used: 5

Generation: 69
	BestSolution: 796
	Valid solution.
	SubTours used: 5

Generation: 70
	BestSolution: 796
	Valid solution.
	SubTours used: 5

Generation: 71
	BestSolution: 796
	Valid solution.
	SubTours used: 5

Generation: 72
	BestSolution: 796
	Valid solution.
	SubTours used: 5

Generation: 73
	BestSolution: 796
	Valid solution.
	SubTours used: 5

Generation: 74
	BestSolution: 796
	Valid solution.
	SubTours used: 5

Generation: 75
	BestSolution: 796
	Valid solution.
	SubTours used: 5

Generation: 76
	BestSolution: 796
	Valid solution.
	SubTours used: 5

Generation: 77
	BestSolution: 796
	Valid solution.
	SubTours used: 5

Generation: 78
	BestSolution: 796
	Valid solution.
	SubTours used: 5

Generation: 79
	BestSolution: 796
	Valid solution.
	SubTours used: 5

Generation: 80
	BestSolution: 796
	Valid solution.
	SubTours used: 5

Generation: 81
	BestSolution: 796
	Valid solution.
	SubTours used: 5

Generation: 82
	BestSolution: 796
	Valid solution.
	SubTours used: 5

Generation: 83
	BestSolution: 796
	Valid solution.
	SubTours used: 5

Generation: 84
	BestSolution: 796
	Valid solution.
	SubTours used: 5

Generation: 85
	BestSolution: 796
	Valid solution.
	SubTours used: 5

Generation: 86
	BestSolution: 796
	Valid solution.
	SubTours used: 5

Generation: 87
	BestSolution: 796
	Valid solution.
	SubTours used: 5

Generation: 88
	BestSolution: 796
	Valid solution.
	SubTours used: 5

Generation: 89
	BestSolution: 796
	Valid solution.
	SubTours used: 5

Generation: 90
	BestSolution: 796
	Valid solution.
	SubTours used: 5

Generation: 91
	BestSolution: 796
	Valid solution.
	SubTours used: 5

Generation: 92
	BestSolution: 796
	Valid solution.
	SubTours used: 5

Generation: 93
	BestSolution: 796
	Valid solution.
	SubTours used: 5

Generation: 94
	BestSolution: 796
	Valid solution.
	SubTours used: 5

Generation: 95
	BestSolution: 796
	Valid solution.
	SubTours used: 5
