Run ID: 0
Vehicle Routing Problem: P-n16-k8.vrp
Configurations of run: 
	Population Size: 20
	Truck Number: 16
	Max Iterations: 300

Best Known solution: Implementar

Generation: 0
	BestSolution: 490
	Valid solution.
	SubTours used: 8

Generation: 1
	BestSolution: 472
	Valid solution.
	SubTours used: 8

Generation: 2
	BestSolution: 469
	Valid solution.
	SubTours used: 8

Generation: 3
	BestSolution: 465
	Valid solution.
	SubTours used: 8

Generation: 4
	BestSolution: 457
	Valid solution.
	SubTours used: 8

Generation: 5
	BestSolution: 455
	Valid solution.
	SubTours used: 8

Generation: 6
	BestSolution: 453
	Valid solution.
	SubTours used: 8

Generation: 7
	BestSolution: 450
	Valid solution.
	SubTours used: 8

Generation: 8
	BestSolution: 450
	Valid solution.
	SubTours used: 8

Generation: 9
	BestSolution: 450
	Valid solution.
	SubTours used: 8
