Run ID: 0
Vehicle Routing Problem: P-n50-k8.vrp
Configurations of run: 
	Population Size: 10
	Truck Number: 8
	Max Iterations: 300

Best Known solution: Implementar

Generation: 0
	BestSolution: 1048
	Not a Valid solution.
	SubTours used: 8

Generation: 1
	BestSolution: 1042
	Not a Valid solution.
	SubTours used: 8

Generation: 2
	BestSolution: 1311
	Valid solution.
	SubTours used: 8

Generation: 3
	BestSolution: 1302
	Valid solution.
	SubTours used: 8

Generation: 4
	BestSolution: 1296
	Valid solution.
	SubTours used: 8

Generation: 5
	BestSolution: 1290
	Valid solution.
	SubTours used: 8

Generation: 6
	BestSolution: 1284
	Valid solution.
	SubTours used: 8

Generation: 7
	BestSolution: 1277
	Valid solution.
	SubTours used: 8

Generation: 8
	BestSolution: 1270
	Valid solution.
	SubTours used: 8

Generation: 9
	BestSolution: 1268
	Valid solution.
	SubTours used: 8

Generation: 10
	BestSolution: 1258
	Valid solution.
	SubTours used: 8

Generation: 11
	BestSolution: 1251
	Valid solution.
	SubTours used: 8

Generation: 12
	BestSolution: 1235
	Valid solution.
	SubTours used: 8

Generation: 13
	BestSolution: 1233
	Valid solution.
	SubTours used: 8

Generation: 14
	BestSolution: 1227
	Valid solution.
	SubTours used: 8

Generation: 15
	BestSolution: 1221
	Valid solution.
	SubTours used: 8

Generation: 16
	BestSolution: 1203
	Valid solution.
	SubTours used: 8

Generation: 17
	BestSolution: 1193
	Valid solution.
	SubTours used: 8

Generation: 18
	BestSolution: 1181
	Valid solution.
	SubTours used: 8

Generation: 19
	BestSolution: 1176
	Valid solution.
	SubTours used: 8

Generation: 20
	BestSolution: 1167
	Valid solution.
	SubTours used: 8

Generation: 21
	BestSolution: 1164
	Valid solution.
	SubTours used: 8

Generation: 22
	BestSolution: 1160
	Valid solution.
	SubTours used: 8

Generation: 23
	BestSolution: 1154
	Valid solution.
	SubTours used: 8

Generation: 24
	BestSolution: 1146
	Valid solution.
	SubTours used: 8

Generation: 25
	BestSolution: 1128
	Valid solution.
	SubTours used: 8

Generation: 26
	BestSolution: 1124
	Valid solution.
	SubTours used: 8

Generation: 27
	BestSolution: 1123
	Valid solution.
	SubTours used: 8

Generation: 28
	BestSolution: 1118
	Valid solution.
	SubTours used: 8

Generation: 29
	BestSolution: 1115
	Valid solution.
	SubTours used: 8

Generation: 30
	BestSolution: 1112
	Valid solution.
	SubTours used: 8

Generation: 31
	BestSolution: 1111
	Valid solution.
	SubTours used: 8

Generation: 32
	BestSolution: 1106
	Valid solution.
	SubTours used: 8

Generation: 33
	BestSolution: 1098
	Valid solution.
	SubTours used: 8

Generation: 34
	BestSolution: 1095
	Valid solution.
	SubTours used: 8

Generation: 35
	BestSolution: 1093
	Valid solution.
	SubTours used: 8

Generation: 36
	BestSolution: 1089
	Valid solution.
	SubTours used: 8

Generation: 37
	BestSolution: 1080
	Valid solution.
	SubTours used: 8

Generation: 38
	BestSolution: 1079
	Valid solution.
	SubTours used: 8

Generation: 39
	BestSolution: 1076
	Valid solution.
	SubTours used: 8

Generation: 40
	BestSolution: 1067
	Valid solution.
	SubTours used: 8

Generation: 41
	BestSolution: 1053
	Valid solution.
	SubTours used: 8

Generation: 42
	BestSolution: 1040
	Valid solution.
	SubTours used: 8

Generation: 43
	BestSolution: 1035
	Valid solution.
	SubTours used: 8

Generation: 44
	BestSolution: 1030
	Valid solution.
	SubTours used: 8

Generation: 45
	BestSolution: 1026
	Valid solution.
	SubTours used: 8

Generation: 46
	BestSolution: 1022
	Valid solution.
	SubTours used: 8

Generation: 47
	BestSolution: 1009
	Valid solution.
	SubTours used: 8

Generation: 48
	BestSolution: 1008
	Valid solution.
	SubTours used: 8

Generation: 49
	BestSolution: 1004
	Valid solution.
	SubTours used: 8

Generation: 50
	BestSolution: 1001
	Valid solution.
	SubTours used: 8

Generation: 51
	BestSolution: 1000
	Valid solution.
	SubTours used: 8

Generation: 52
	BestSolution: 992
	Valid solution.
	SubTours used: 8

Generation: 53
	BestSolution: 985
	Valid solution.
	SubTours used: 8

Generation: 54
	BestSolution: 979
	Valid solution.
	SubTours used: 8

Generation: 55
	BestSolution: 976
	Valid solution.
	SubTours used: 8

Generation: 56
	BestSolution: 975
	Valid solution.
	SubTours used: 8

Generation: 57
	BestSolution: 974
	Valid solution.
	SubTours used: 8

Generation: 58
	BestSolution: 954
	Valid solution.
	SubTours used: 8

Generation: 59
	BestSolution: 951
	Valid solution.
	SubTours used: 8

Generation: 60
	BestSolution: 950
	Valid solution.
	SubTours used: 8

Generation: 61
	BestSolution: 949
	Valid solution.
	SubTours used: 8

Generation: 62
	BestSolution: 946
	Valid solution.
	SubTours used: 8

Generation: 63
	BestSolution: 945
	Valid solution.
	SubTours used: 8

Generation: 64
	BestSolution: 941
	Valid solution.
	SubTours used: 8

Generation: 65
	BestSolution: 939
	Valid solution.
	SubTours used: 8

Generation: 66
	BestSolution: 935
	Valid solution.
	SubTours used: 8

Generation: 67
	BestSolution: 934
	Valid solution.
	SubTours used: 8

Generation: 68
	BestSolution: 924
	Valid solution.
	SubTours used: 8

Generation: 69
	BestSolution: 922
	Valid solution.
	SubTours used: 8

Generation: 70
	BestSolution: 921
	Valid solution.
	SubTours used: 8

Generation: 71
	BestSolution: 920
	Valid solution.
	SubTours used: 8

Generation: 72
	BestSolution: 913
	Valid solution.
	SubTours used: 8

Generation: 73
	BestSolution: 902
	Valid solution.
	SubTours used: 8

Generation: 74
	BestSolution: 891
	Valid solution.
	SubTours used: 8

Generation: 75
	BestSolution: 886
	Valid solution.
	SubTours used: 8

Generation: 76
	BestSolution: 881
	Valid solution.
	SubTours used: 8

Generation: 77
	BestSolution: 873
	Valid solution.
	SubTours used: 8

Generation: 78
	BestSolution: 870
	Valid solution.
	SubTours used: 8

Generation: 79
	BestSolution: 863
	Valid solution.
	SubTours used: 8

Generation: 80
	BestSolution: 860
	Valid solution.
	SubTours used: 8

Generation: 81
	BestSolution: 858
	Valid solution.
	SubTours used: 8

Generation: 82
	BestSolution: 853
	Valid solution.
	SubTours used: 8

Generation: 83
	BestSolution: 852
	Valid solution.
	SubTours used: 8

Generation: 84
	BestSolution: 848
	Valid solution.
	SubTours used: 8

Generation: 85
	BestSolution: 843
	Valid solution.
	SubTours used: 8

Generation: 86
	BestSolution: 841
	Valid solution.
	SubTours used: 8

Generation: 87
	BestSolution: 832
	Valid solution.
	SubTours used: 8

Generation: 88
	BestSolution: 831
	Valid solution.
	SubTours used: 8

Generation: 89
	BestSolution: 808
	Valid solution.
	SubTours used: 8

Generation: 90
	BestSolution: 807
	Valid solution.
	SubTours used: 8

Generation: 91
	BestSolution: 806
	Valid solution.
	SubTours used: 8

Generation: 92
	BestSolution: 803
	Valid solution.
	SubTours used: 8

Generation: 93
	BestSolution: 797
	Valid solution.
	SubTours used: 8

Generation: 94
	BestSolution: 796
	Valid solution.
	SubTours used: 8

Generation: 95
	BestSolution: 795
	Valid solution.
	SubTours used: 8

Generation: 96
	BestSolution: 784
	Valid solution.
	SubTours used: 8

Generation: 97
	BestSolution: 779
	Valid solution.
	SubTours used: 8

Generation: 98
	BestSolution: 767
	Valid solution.
	SubTours used: 8

Generation: 99
	BestSolution: 765
	Valid solution.
	SubTours used: 8

Generation: 100
	BestSolution: 762
	Valid solution.
	SubTours used: 8

Generation: 101
	BestSolution: 760
	Valid solution.
	SubTours used: 8

Generation: 102
	BestSolution: 752
	Valid solution.
	SubTours used: 8

Generation: 103
	BestSolution: 743
	Valid solution.
	SubTours used: 8

Generation: 104
	BestSolution: 735
	Valid solution.
	SubTours used: 8

Generation: 105
	BestSolution: 735
	Valid solution.
	SubTours used: 8

Generation: 106
	BestSolution: 735
	Valid solution.
	SubTours used: 8

Generation: 107
	BestSolution: 735
	Valid solution.
	SubTours used: 8

Generation: 108
	BestSolution: 735
	Valid solution.
	SubTours used: 8

Generation: 109
	BestSolution: 735
	Valid solution.
	SubTours used: 8

Generation: 110
	BestSolution: 735
	Valid solution.
	SubTours used: 8

Generation: 111
	BestSolution: 735
	Valid solution.
	SubTours used: 8

Generation: 112
	BestSolution: 735
	Valid solution.
	SubTours used: 8

Generation: 113
	BestSolution: 735
	Valid solution.
	SubTours used: 8

Generation: 114
	BestSolution: 735
	Valid solution.
	SubTours used: 8

Generation: 115
	BestSolution: 735
	Valid solution.
	SubTours used: 8

Generation: 116
	BestSolution: 735
	Valid solution.
	SubTours used: 8

Generation: 117
	BestSolution: 735
	Valid solution.
	SubTours used: 8

Generation: 118
	BestSolution: 735
	Valid solution.
	SubTours used: 8

Generation: 119
	BestSolution: 735
	Valid solution.
	SubTours used: 8

Generation: 120
	BestSolution: 735
	Valid solution.
	SubTours used: 8

Generation: 121
	BestSolution: 735
	Valid solution.
	SubTours used: 8

Generation: 122
	BestSolution: 735
	Valid solution.
	SubTours used: 8

Generation: 123
	BestSolution: 735
	Valid solution.
	SubTours used: 8

Generation: 124
	BestSolution: 735
	Valid solution.
	SubTours used: 8
